mode: set
go-payment-aggregator/internal/usecase/merchant_usecase.go:18.84,23.2 1 1
go-payment-aggregator/internal/usecase/merchant_usecase.go:25.99,29.16 3 0
go-payment-aggregator/internal/usecase/merchant_usecase.go:29.16,31.3 1 0
go-payment-aggregator/internal/usecase/merchant_usecase.go:33.2,33.52 1 0
go-payment-aggregator/internal/usecase/merchant_usecase.go:33.52,35.3 1 0
go-payment-aggregator/internal/usecase/merchant_usecase.go:37.2,37.22 1 0
go-payment-aggregator/internal/usecase/merchant_usecase.go:40.113,62.16 8 1
go-payment-aggregator/internal/usecase/merchant_usecase.go:62.16,64.3 1 1
go-payment-aggregator/internal/usecase/merchant_usecase.go:66.2,68.29 2 1
go-payment-aggregator/internal/usecase/merchant_usecase.go:71.94,73.16 2 1
go-payment-aggregator/internal/usecase/merchant_usecase.go:73.16,75.3 1 1
go-payment-aggregator/internal/usecase/merchant_usecase.go:76.2,76.22 1 1
go-payment-aggregator/internal/usecase/merchant_usecase.go:79.132,81.16 2 1
go-payment-aggregator/internal/usecase/merchant_usecase.go:81.16,83.3 1 1
go-payment-aggregator/internal/usecase/merchant_usecase.go:85.2,85.20 1 1
go-payment-aggregator/internal/usecase/merchant_usecase.go:85.20,87.3 1 1
go-payment-aggregator/internal/usecase/merchant_usecase.go:89.2,89.27 1 1
go-payment-aggregator/internal/usecase/merchant_usecase.go:89.27,91.3 1 1
go-payment-aggregator/internal/usecase/merchant_usecase.go:93.2,95.61 2 1
go-payment-aggregator/internal/usecase/merchant_usecase.go:95.61,97.3 1 1
go-payment-aggregator/internal/usecase/merchant_usecase.go:99.2,99.22 1 1
go-payment-aggregator/internal/usecase/merchant_usecase.go:102.90,107.80 3 0
go-payment-aggregator/internal/usecase/merchant_usecase.go:107.80,109.3 1 0
go-payment-aggregator/internal/usecase/merchant_usecase.go:111.2,111.23 1 0
go-payment-aggregator/internal/usecase/transaction_usecase.go:18.118,24.2 1 1
go-payment-aggregator/internal/usecase/transaction_usecase.go:26.142,47.16 7 1
go-payment-aggregator/internal/usecase/transaction_usecase.go:47.16,49.3 1 1
go-payment-aggregator/internal/usecase/transaction_usecase.go:51.2,61.16 3 1
go-payment-aggregator/internal/usecase/transaction_usecase.go:61.16,63.3 1 1
go-payment-aggregator/internal/usecase/transaction_usecase.go:65.2,72.16 6 1
go-payment-aggregator/internal/usecase/transaction_usecase.go:72.16,74.3 1 1
go-payment-aggregator/internal/usecase/transaction_usecase.go:76.2,76.32 1 1
go-payment-aggregator/internal/usecase/transaction_usecase.go:79.93,84.16 4 1
go-payment-aggregator/internal/usecase/transaction_usecase.go:84.16,86.3 1 1
go-payment-aggregator/internal/usecase/transaction_usecase.go:88.2,88.28 1 1
go-payment-aggregator/internal/usecase/transaction_usecase.go:91.104,93.16 2 1
go-payment-aggregator/internal/usecase/transaction_usecase.go:93.16,95.3 1 1
go-payment-aggregator/internal/usecase/transaction_usecase.go:97.2,100.16 3 1
go-payment-aggregator/internal/usecase/transaction_usecase.go:100.16,102.3 1 1
go-payment-aggregator/internal/usecase/transaction_usecase.go:103.2,103.12 1 1
