mode: set
go-payment-aggregator/internal/usecase/merchant_usecase.go:18.84,23.2 1 0
go-payment-aggregator/internal/usecase/merchant_usecase.go:25.99,31.16 3 0
go-payment-aggregator/internal/usecase/merchant_usecase.go:31.16,33.3 1 0
go-payment-aggregator/internal/usecase/merchant_usecase.go:36.2,36.52 1 0
go-payment-aggregator/internal/usecase/merchant_usecase.go:36.52,38.3 1 0
go-payment-aggregator/internal/usecase/merchant_usecase.go:40.2,40.22 1 0
go-payment-aggregator/internal/usecase/merchant_usecase.go:43.113,53.16 5 0
go-payment-aggregator/internal/usecase/merchant_usecase.go:53.16,55.3 1 0
go-payment-aggregator/internal/usecase/merchant_usecase.go:58.2,74.16 4 0
go-payment-aggregator/internal/usecase/merchant_usecase.go:74.16,76.3 1 0
go-payment-aggregator/internal/usecase/merchant_usecase.go:79.2,81.29 2 0
go-payment-aggregator/internal/usecase/merchant_usecase.go:84.94,87.16 2 0
go-payment-aggregator/internal/usecase/merchant_usecase.go:87.16,89.3 1 0
go-payment-aggregator/internal/usecase/merchant_usecase.go:90.2,90.22 1 0
go-payment-aggregator/internal/usecase/merchant_usecase.go:93.132,96.16 2 0
go-payment-aggregator/internal/usecase/merchant_usecase.go:96.16,98.3 1 0
go-payment-aggregator/internal/usecase/merchant_usecase.go:101.2,101.20 1 0
go-payment-aggregator/internal/usecase/merchant_usecase.go:101.20,103.3 1 0
go-payment-aggregator/internal/usecase/merchant_usecase.go:105.2,105.27 1 0
go-payment-aggregator/internal/usecase/merchant_usecase.go:105.27,107.3 1 0
go-payment-aggregator/internal/usecase/merchant_usecase.go:109.2,112.61 2 0
go-payment-aggregator/internal/usecase/merchant_usecase.go:112.61,114.3 1 0
go-payment-aggregator/internal/usecase/merchant_usecase.go:116.2,116.22 1 0
go-payment-aggregator/internal/usecase/merchant_usecase.go:119.90,122.16 2 0
go-payment-aggregator/internal/usecase/merchant_usecase.go:122.16,124.3 1 0
go-payment-aggregator/internal/usecase/merchant_usecase.go:127.2,130.80 2 0
go-payment-aggregator/internal/usecase/merchant_usecase.go:130.80,132.3 1 0
go-payment-aggregator/internal/usecase/merchant_usecase.go:134.2,134.23 1 0
go-payment-aggregator/internal/usecase/transaction_usecase.go:18.118,24.2 1 1
go-payment-aggregator/internal/usecase/transaction_usecase.go:26.142,50.16 7 1
go-payment-aggregator/internal/usecase/transaction_usecase.go:50.16,52.3 1 1
go-payment-aggregator/internal/usecase/transaction_usecase.go:55.2,66.16 3 1
go-payment-aggregator/internal/usecase/transaction_usecase.go:66.16,68.3 1 1
go-payment-aggregator/internal/usecase/transaction_usecase.go:71.2,80.16 6 1
go-payment-aggregator/internal/usecase/transaction_usecase.go:80.16,82.3 1 1
go-payment-aggregator/internal/usecase/transaction_usecase.go:84.2,84.32 1 1
go-payment-aggregator/internal/usecase/transaction_usecase.go:87.93,94.16 4 1
go-payment-aggregator/internal/usecase/transaction_usecase.go:94.16,96.3 1 1
go-payment-aggregator/internal/usecase/transaction_usecase.go:98.2,98.28 1 1
go-payment-aggregator/internal/usecase/transaction_usecase.go:101.104,104.16 2 0
go-payment-aggregator/internal/usecase/transaction_usecase.go:104.16,106.3 1 0
go-payment-aggregator/internal/usecase/transaction_usecase.go:109.2,113.16 3 0
go-payment-aggregator/internal/usecase/transaction_usecase.go:113.16,115.3 1 0
go-payment-aggregator/internal/usecase/transaction_usecase.go:116.2,116.12 1 0
